<?xml version="1.0" encoding="utf-8"?><testsuites><testsuite name="pytest" errors="0" failures="0" skipped="0" tests="4" time="6.380" timestamp="2024-09-13T23:35:13.243081" hostname="PC25"><testcase classname="tests.api.test_api.TestBatchPipeline" name="test_should_failed_unkown_column_1" time="0.052" /><testcase classname="tests.api.test_api.TestBatchPipeline" name="test_should_failed_unkown_column_2" time="0.017" /><testcase classname="tests.api.test_api.TestBatchPipeline" name="test_should_failed_unkown_column_3" time="0.015" /><testcase classname="tests.api.test_api.TestBatchPipeline" name="test_should_get_predict" time="0.045" /></testsuite></testsuites>