<?xml version="1.0" encoding="utf-8"?><testsuites><testsuite name="pytest" errors="0" failures="0" skipped="0" tests="4" time="57.053" timestamp="2024-09-12T13:03:10.153330" hostname="PC25"><testcase classname="tests.model.test_model.TestModel" name="test_model_fit" time="16.639" /><testcase classname="tests.model.test_model.TestModel" name="test_model_predict" time="15.415" /><testcase classname="tests.model.test_model.TestModel" name="test_model_preprocess_for_serving" time="12.390" /><testcase classname="tests.model.test_model.TestModel" name="test_model_preprocess_for_training" time="7.395" /></testsuite></testsuites>