<?xml version="1.0" encoding="utf-8"?><testsuites><testsuite name="pytest" errors="0" failures="0" skipped="0" tests="4" time="70.867" timestamp="2024-09-13T12:55:55.234163" hostname="PC25"><testcase classname="tests.model.test_model.TestModel" name="test_model_fit" time="16.721" /><testcase classname="tests.model.test_model.TestModel" name="test_model_predict" time="16.610" /><testcase classname="tests.model.test_model.TestModel" name="test_model_preprocess_for_serving" time="15.906" /><testcase classname="tests.model.test_model.TestModel" name="test_model_preprocess_for_training" time="16.394" /></testsuite></testsuites>